<?xml version="1.0" encoding="UTF-8"?>
<testsuite xmlns:xsi="http://www.w3.org/2001/XMLSchema-instance" xsi:noNamespaceSchemaLocation="https://maven.apache.org/surefire/maven-surefire-plugin/xsd/surefire-test-report-3.0.xsd" version="3.0" name="ReverseLetterTest" time="0.035" tests="5" errors="0" skipped="0" failures="0">
  <properties>
[...]
</properties>
  <testcase name="reverseLetterNumberOnlyTest" classname="ReverseLetterTest" time="0.016"/>
  <testcase name="reverseLetterSingleCharacterLetterTest" classname="ReverseLetterTest" time="0.001"/>
  <testcase name="reverseLetterEmptyStringTest" classname="ReverseLetterTest" time="0.001"/>
  <testcase name="reverseLetterSingleCharacterNotLetterTest" classname="ReverseLetterTest" time="0.0"/>
  <testcase name="reverseLetterOriginalTest" classname="ReverseLetterTest" time="0.001"/>
</testsuite>